Arguments: 
  /nix/store/cdalbhzm3z4gz07wyg89maprdbjc4yah-nodejs-14.17.0/bin/node /home/tblank/.nix-profile/bin/yarn add ts_node

PATH: 
  /home/tblank/.symfony/bin:/home/tblank/.symfony/bin:/nix/store/4s0h5aawbap3xhldxhcijvl26751qrjr-python3-3.8.9/bin:/nix/store/1xnhsc1flg6wzbmwacrnk0q2ypqkdv0j-terminator-2.1.1/bin:/nix/store/bbmhwk2w3p9h90cydagqjs2p6xjkhnjs-cairo-1.16.0-dev/bin:/nix/store/fqfp27bm34jsis1bbdxfcl2ca9k7crwi-freetype-2.10.4-dev/bin:/nix/store/d37nqclglccygk9plqxpmy1asqj12qiv-bzip2-1.0.6.0.2-bin/bin:/nix/store/rjx5g8l3c08wvkihpxbn4xqm6issa2ba-libpng-apng-1.6.37-dev/bin:/nix/store/yl48ks8ng2vgflad865vhyi9gb4g3kbs-fontconfig-2.13.92-bin/bin:/nix/store/kxms0l29s0qkhzj0shycmaf8rhz8wv96-expat-2.2.10-dev/bin:/nix/store/fp0r3qz04wq4gx4jar1cp5xn9cm834n4-glib-2.68.2-dev/bin:/nix/store/ccl0ki04cpvy50r8w637kqw3zx21fpva-gettext-0.21/bin:/nix/store/0hwyx1hbdsxqfl1yk1iyc99qxplqdx5h-glib-2.68.2-bin/bin:/run/wrappers/bin:/home/tblank/.nix-profile/bin:/etc/profiles/per-user/tblank/bin:/nix/var/nix/profiles/default/bin:/run/current-system/sw/bin:/home/tblank/.yarn/bin:/home/tblank/.yarn/bin

Yarn version: 
  1.22.10

Node version: 
  14.17.0

Platform: 
  linux x64

Trace: 
  Error: https://registry.yarnpkg.com/ts_node: Not found
      at Request.params.callback [as _callback] (/nix/store/y961jfny6k7x345yzzippdqc3aln37vs-yarn-1.22.10/libexec/yarn/lib/cli.js:66988:18)
      at Request.self.callback (/nix/store/y961jfny6k7x345yzzippdqc3aln37vs-yarn-1.22.10/libexec/yarn/lib/cli.js:140749:22)
      at Request.emit (events.js:376:20)
      at Request.<anonymous> (/nix/store/y961jfny6k7x345yzzippdqc3aln37vs-yarn-1.22.10/libexec/yarn/lib/cli.js:141721:10)
      at Request.emit (events.js:376:20)
      at IncomingMessage.<anonymous> (/nix/store/y961jfny6k7x345yzzippdqc3aln37vs-yarn-1.22.10/libexec/yarn/lib/cli.js:141643:12)
      at Object.onceWrapper (events.js:482:28)
      at IncomingMessage.emit (events.js:388:22)
      at endReadableNT (internal/streams/readable.js:1336:12)
      at processTicksAndRejections (internal/process/task_queues.js:82:21)

npm manifest: 
  {
    "name": "chip-8",
    "version": "1.0.0",
    "main": "index.js",
    "license": "MIT",
    "dependencies": {
      "tsc": "^2.0.3",
      "typescript": "^4.3.2"
    }
  }

yarn manifest: 
  No manifest

Lockfile: 
  # THIS IS AN AUTOGENERATED FILE. DO NOT EDIT THIS FILE DIRECTLY.
  # yarn lockfile v1
  
  
  tsc@^2.0.3:
    version "2.0.3"
    resolved "https://registry.yarnpkg.com/tsc/-/tsc-2.0.3.tgz#037fe579e3bd67a5cbdaa604b43c6c1991b04bef"
    integrity sha512-SN+9zBUtrpUcOpaUO7GjkEHgWtf22c7FKbKCA4e858eEM7Qz86rRDpgOU2lBIDf0fLCsEg65ms899UMUIB2+Ow==
  
  typescript@^4.3.2:
    version "4.3.2"
    resolved "https://registry.yarnpkg.com/typescript/-/typescript-4.3.2.tgz#399ab18aac45802d6f2498de5054fcbbe716a805"
    integrity sha512-zZ4hShnmnoVnAHpVHWpTcxdv7dWP60S2FsydQLV8V5PbS3FifjWFFRiHSWpDJahly88PRyV5teTSLoq4eG7mKw==
